
--- Job CEE-5410_A-5_GAMS.gms Start 09/25/25 16:17:25 51.1.0 2d039df5 WEX-WEI x86 64bit/MS Windows
--- Applying:
    C:\GAMS\51\gmsprmNT.txt
--- GAMS Parameters defined
    Input "C:\Users\grill\OneDrive - USU\2025_FALL\CEE-5410_WaterResourcesSystemAnalysis\GitHubRepository\CEE-5410_Hilton\CEE-5410_A-5_GAMS.gms"
    PageSize 0
    ScrDir "C:\Users\grill\OneDrive - USU\2025_FALL\CEE-5410_WaterResourcesSystemAnalysis\GitHubRepository\CEE-5410_Hilton\225a\"
    SysDir C:\GAMS\51\
    LogOption 3
    AppendLog 1
    ErrMsg 1
    ErrorLog 99
    IDE 1
    LstTitleLeftAligned 1
Licensee: Course License                                 G250902+0003Ac-GEN
          Utah State University                                     DCE4709
          225a\gamslice.dat
          node:22668303 mem:16 cores:4 ipport:59377 uses:0@0 v:2           
          Course license for use within the course and related course work
          The expiration date of time-limited license is Dec 31, 2025
System information: 4 physical cores and 16 Gb physical memory detected
GAMS 51.1.0   Copyright (C) 1987-2025 GAMS Development. All rights reserved
--- Starting compilation
--- CEE-5410_A-5_GAMS.gms(76) 3 Mb 1 Error
*** Error 338 in C:\Users\grill\OneDrive - USU\2025_FALL\CEE-5410_WaterResourcesSystemAnalysis\GitHubRepository\CEE-5410_Hilton\CEE-5410_A-5_GAMS.gms
    Unique element expected - symbol was not an element
       and the following text will be skipped until a proper
       symbol is found to recover. Remember that an UNQUOTED
       element has to start with a letter or digit
       followed by letters, digits, '+', '-' or '_'. The length
       is limited to 63 characters. The following words are
       reserved (starting symbols of a GAMS statement) and cannot
       be used for UNQUOTED set elements:
   
          ABORT, ACRONYM(S), ALIAS, BINARY, DISPLAY, ELSE
          EQUATION(S), EXECUTE, FILE(S), FOR, FREE, IF, INTEGER, LOOP
          MODEL(S), NEGATIVE, OPTION(S), PARAMETER(S)
          POSITIVE, PROCEDURE(S), PUT, PUTCLEAR, PUTCLOSE, PUTHD
          PUTPAGE, PUTTL, SCALAR(S), SEMICONT, SET(S), SOS1, SOS2
          TABLE, VARIABLE(S), WHILE
   
       QUOTED elements can contain any character. Single and
       double quotes can be used (starting and ending quote have
       to match).
--- CEE-5410_A-5_GAMS.gms(81) 3 Mb 3 Errors
*** Error   1 in C:\Users\grill\OneDrive - USU\2025_FALL\CEE-5410_WaterResourcesSystemAnalysis\GitHubRepository\CEE-5410_Hilton\CEE-5410_A-5_GAMS.gms
    Real number expected
*** Error 182 in C:\Users\grill\OneDrive - USU\2025_FALL\CEE-5410_WaterResourcesSystemAnalysis\GitHubRepository\CEE-5410_Hilton\CEE-5410_A-5_GAMS.gms
    Closing '/' missing in a set, parameter or model statement
--- CEE-5410_A-5_GAMS.gms(91) 3 Mb 4 Errors
*** Error 195 in C:\Users\grill\OneDrive - USU\2025_FALL\CEE-5410_WaterResourcesSystemAnalysis\GitHubRepository\CEE-5410_Hilton\CEE-5410_A-5_GAMS.gms
    Symbol redefined with a different type
--- CEE-5410_A-5_GAMS.gms(95) 3 Mb 8 Errors
*** Error 143 in C:\Users\grill\OneDrive - USU\2025_FALL\CEE-5410_WaterResourcesSystemAnalysis\GitHubRepository\CEE-5410_Hilton\CEE-5410_A-5_GAMS.gms
    A suffix is missing
*** Error  81 in C:\Users\grill\OneDrive - USU\2025_FALL\CEE-5410_WaterResourcesSystemAnalysis\GitHubRepository\CEE-5410_Hilton\CEE-5410_A-5_GAMS.gms
    A '=' expected for assignment statements. Alternative
       assignment operators are '$=' and ':='.
*** Error 140 in C:\Users\grill\OneDrive - USU\2025_FALL\CEE-5410_WaterResourcesSystemAnalysis\GitHubRepository\CEE-5410_Hilton\CEE-5410_A-5_GAMS.gms
    Unknown symbol
*** Error 409 in C:\Users\grill\OneDrive - USU\2025_FALL\CEE-5410_WaterResourcesSystemAnalysis\GitHubRepository\CEE-5410_Hilton\CEE-5410_A-5_GAMS.gms
    Unrecognizable item - skip to find a new statement
      looking for a ';' or a key word to get started again
--- CEE-5410_A-5_GAMS.gms(102) 3 Mb 8 Errors
*** Status: Compilation error(s)
--- Job CEE-5410_A-5_GAMS.gms Stop 09/25/25 16:17:25 elapsed 0:00:00.022
